<?xml version="1.0" encoding="UTF-8"?>
<!-- Generated by org.testng.reporters.JUnitReportReporter -->
<testsuite skipped="0" hostname="DESKTOP-8EILLR9" name="com.ats.qa.tests.LoginPageTest" tests="1" failures="0" timestamp="2020-01-30T14:09:18 EST" time="18.018" errors="0">
  <testcase name="loginPageTest" time="18.018" classname="com.ats.qa.tests.LoginPageTest"/>
</testsuite> <!-- com.ats.qa.tests.LoginPageTest -->
