<?xml version="1.0" encoding="UTF-8"?>
<!-- Generated by org.testng.reporters.JUnitReportReporter -->
<testsuite skipped="0" hostname="DESKTOP-8EILLR9" name="com.ats.qa.tests.AtsTests" tests="1" failures="0" timestamp="2020-01-31T18:59:37 EST" time="43.512" errors="0">
  <testcase name="loginPageTest" time="43.512" classname="com.ats.qa.tests.AtsTests"/>
</testsuite> <!-- com.ats.qa.tests.AtsTests -->
